PLINK v1.90b4.1 64-bit (30 Mar 2017)
Options in effect:
  --file toy
  --make-bed
  --out toy

Hostname: chris
Working directory: /home/christopher/repos/mchg/tests
Start time: Mon Apr 10 08:26:03 2017

Random number seed: 1491827163
7866 MB RAM detected; reserving 3933 MB for main workspace.
Scanning .ped file... done.
Performing single-pass .bed write (2 variants, 2 people).
--file: toy-temporary.bed + toy-temporary.bim + toy-temporary.fam written.
2 variants loaded from .bim file.
2 people (2 males, 0 females) loaded from .fam.
2 phenotype values loaded from .fam.
Using 1 thread (no multithreaded calculations invoked).
Before main variant filters, 2 founders and 0 nonfounders present.
Calculating allele frequencies... done.
Total genotyping rate is 0.75.
2 variants and 2 people pass filters and QC.
Among remaining phenotypes, 1 is a case and 1 is a control.
--make-bed to toy.bed + toy.bim + toy.fam ... done.

End time: Mon Apr 10 08:26:04 2017
